<?xml version="1.0" encoding="UTF-8"?>
<!-- Generated by org.testng.reporters.JUnitReportReporter -->
<testsuite skipped="0" hostname="STI-D01-YOGESHA" name="com.pa.qa.testcases.LogInTest" tests="5" failures="0" timestamp="01 Dec 2017 07:32:58 GMT" time="72.301" errors="0">
  <testcase name="LogInToApp" time="50.832" classname="com.pa.qa.testcases.LogInTest"/>
  <testcase name="LogInToApp" time="5.639" classname="com.pa.qa.testcases.LogInTest"/>
  <testcase name="LogInToApp" time="3.841" classname="com.pa.qa.testcases.LogInTest"/>
  <testcase name="LogInToApp" time="7.108" classname="com.pa.qa.testcases.LogInTest"/>
  <testcase name="LogInToApp" time="4.881" classname="com.pa.qa.testcases.LogInTest"/>
</testsuite> <!-- com.pa.qa.testcases.LogInTest -->
