<?xml version="1.0" encoding="UTF-8"?>
<!-- Generated by org.testng.reporters.JUnitReportReporter -->
<testsuite skipped="0" hostname="STI-D01-YOGESHA" name="com.pa.qa.testcases.New" tests="1" failures="0" timestamp="28 Nov 2017 07:25:35 GMT" time="0.007" errors="0">
  <testcase name="test" time="0.007" classname="com.pa.qa.testcases.New"/>
</testsuite> <!-- com.pa.qa.testcases.New -->
