<?xml version="1.0" encoding="UTF-8"?>
<!-- Generated by org.testng.reporters.JUnitReportReporter -->
<testsuite skipped="0" hostname="STI-D01-YOGESHA" name="com.pa.qa.testcases.HomePageTest" tests="1" failures="0" timestamp="29 Nov 2017 10:14:12 GMT" time="188.342" errors="0">
  <testcase name="homePageTest" time="188.342" classname="com.pa.qa.testcases.HomePageTest"/>
</testsuite> <!-- com.pa.qa.testcases.HomePageTest -->
