<?xml version="1.0" encoding="UTF-8"?>
<!-- Generated by org.testng.reporters.JUnitReportReporter -->
<testsuite skipped="0" hostname="STI-D01-YOGESHA" name="com.pa.qa.testcases.HomePageTest1" tests="1" failures="0" timestamp="28 Nov 2017 07:41:44 GMT" time="39.382" errors="0">
  <testcase name="homePageTest" time="39.382" classname="com.pa.qa.testcases.HomePageTest1"/>
</testsuite> <!-- com.pa.qa.testcases.HomePageTest1 -->
