<?xml version="1.0" encoding="UTF-8"?>
<!-- Generated by org.testng.reporters.JUnitReportReporter -->
<testsuite skipped="0" hostname="STI-D01-YOGESHA" name="com.pa.qa.testcases.NewTest" tests="1" failures="0" timestamp="07 Dec 2017 08:05:02 GMT" time="0.110" errors="0">
  <testcase name="f" time="0.110" classname="com.pa.qa.testcases.NewTest"/>
</testsuite> <!-- com.pa.qa.testcases.NewTest -->
