<?xml version="1.0" encoding="UTF-8"?>
<!-- Generated by org.testng.reporters.JUnitReportReporter -->
<testsuite skipped="0" hostname="STI-D01-YOGESHA" name="com.pa.qa.testcases.LogInTest" tests="5" failures="0" timestamp="03 Jan 2018 11:58:51 GMT" time="60.154" errors="0">
  <testcase name="LogInToApp" time="3.073" classname="com.pa.qa.testcases.LogInTest"/>
  <testcase name="LogInToApp" time="2.962" classname="com.pa.qa.testcases.LogInTest"/>
  <testcase name="LogInToApp" time="47.686" classname="com.pa.qa.testcases.LogInTest"/>
  <testcase name="LogInToApp" time="3.290" classname="com.pa.qa.testcases.LogInTest"/>
  <testcase name="LogInToApp" time="3.143" classname="com.pa.qa.testcases.LogInTest"/>
</testsuite> <!-- com.pa.qa.testcases.LogInTest -->
