<?xml version="1.0" encoding="UTF-8"?>
<!-- Generated by org.testng.reporters.JUnitReportReporter -->
<testsuite skipped="0" hostname="STI-D01-YOGESHA" name="com.pa.qa.testcases.TestCases" tests="8" failures="0" timestamp="15 Feb 2018 13:48:28 GMT" time="255.427" errors="0">
  <testcase name="HomePageTest" time="33.661" classname="com.pa.qa.testcases.TestCases"/>
  <testcase name="HomePageNavigateTest" time="28.499" classname="com.pa.qa.testcases.TestCases"/>
  <testcase name="LogInToApp" time="35.245" classname="com.pa.qa.testcases.TestCases"/>
  <testcase name="LogInToApp" time="38.763" classname="com.pa.qa.testcases.TestCases"/>
  <testcase name="LogInToApp" time="42.050" classname="com.pa.qa.testcases.TestCases"/>
  <testcase name="LogInToApp" time="23.226" classname="com.pa.qa.testcases.TestCases"/>
  <testcase name="LogInToApp" time="26.796" classname="com.pa.qa.testcases.TestCases"/>
  <testcase name="LogInToApp" time="27.187" classname="com.pa.qa.testcases.TestCases"/>
</testsuite> <!-- com.pa.qa.testcases.TestCases -->
