<?xml version="1.0" encoding="UTF-8"?>
<!-- Generated by org.testng.reporters.JUnitReportReporter -->
<testsuite skipped="0" hostname="STI-D01-YOGESHA" name="com.pa.qa.testcases.Login1Test" tests="5" failures="0" timestamp="26 Dec 2017 06:08:27 GMT" time="61.413" errors="0">
  <testcase name="LogIn1ToApp" time="3.979" classname="com.pa.qa.testcases.Login1Test"/>
  <testcase name="LogIn1ToApp" time="4.022" classname="com.pa.qa.testcases.Login1Test"/>
  <testcase name="LogIn1ToApp" time="4.204" classname="com.pa.qa.testcases.Login1Test"/>
  <testcase name="LogIn1ToApp" time="4.021" classname="com.pa.qa.testcases.Login1Test"/>
  <testcase name="LogIn1ToApp" time="45.187" classname="com.pa.qa.testcases.Login1Test"/>
</testsuite> <!-- com.pa.qa.testcases.Login1Test -->
