<?xml version="1.0" encoding="UTF-8"?>
<!-- Generated by org.testng.reporters.JUnitReportReporter -->
<testsuite skipped="0" hostname="STI-D01-YOGESHA" name="com.pa.qa.testcases.TestCases" tests="2" failures="0" timestamp="15 Feb 2018 14:02:43 GMT" time="71.659" errors="0">
  <testcase name="HomePageNavigateTest" time="36.793" classname="com.pa.qa.testcases.TestCases"/>
  <testcase name="HomePageTest" time="34.866" classname="com.pa.qa.testcases.TestCases"/>
</testsuite> <!-- com.pa.qa.testcases.TestCases -->
